<?xml version="1.0" encoding="UTF-8"?>
<robot generator="Robot 6.1.1 (Python 3.12.1 on win32)" generated="20240101 13:57:46.821" rpa="false" schemaversion="4">
<suite id="s1" name="TableDemo" source="D:\project\robotframework\testCases\TableDemo.robot">
<test id="s1-t1" name="TableValidations" line="7">
<kw name="Open Browser" library="Selenium2Library">
<arg>https://testautomationpractice.blogspot.com/</arg>
<arg>chrome</arg>
<doc>Opens a new browser instance to the optional ``url``.</doc>
<msg timestamp="20240101 13:57:47.004" level="INFO">Opening browser 'chrome' to base url 'https://testautomationpractice.blogspot.com/'.</msg>
<status status="PASS" starttime="20240101 13:57:47.004" endtime="20240101 13:57:52.938"/>
</kw>
<kw name="Maximize Browser Window" library="Selenium2Library">
<doc>Maximizes current browser window.</doc>
<status status="PASS" starttime="20240101 13:57:52.938" endtime="20240101 13:57:53.061"/>
</kw>
<kw name="Get Element Count" library="Selenium2Library">
<var>${rows}</var>
<arg>xpath://table[@name='BookTable']/tbody/tr</arg>
<doc>Returns the number of elements matching ``locator``.</doc>
<msg timestamp="20240101 13:57:53.074" level="INFO">${rows} = 7</msg>
<status status="PASS" starttime="20240101 13:57:53.061" endtime="20240101 13:57:53.074"/>
</kw>
<kw name="Get Element Count" library="Selenium2Library">
<var>${cols}</var>
<arg>xpath://table[@name='BookTable']/tbody/tr[1]/th</arg>
<doc>Returns the number of elements matching ``locator``.</doc>
<msg timestamp="20240101 13:57:53.083" level="INFO">${cols} = 4</msg>
<status status="PASS" starttime="20240101 13:57:53.074" endtime="20240101 13:57:53.083"/>
</kw>
<kw name="Log To Console" library="BuiltIn">
<arg>${rows}</arg>
<doc>Logs the given message to the console.</doc>
<status status="PASS" starttime="20240101 13:57:53.083" endtime="20240101 13:57:53.083"/>
</kw>
<kw name="Log To Console" library="BuiltIn">
<arg>${cols}</arg>
<doc>Logs the given message to the console.</doc>
<status status="PASS" starttime="20240101 13:57:53.083" endtime="20240101 13:57:53.084"/>
</kw>
<kw name="Get Text" library="Selenium2Library">
<var>${data}</var>
<arg>xpath://table[@name='BookTable']/tbody/tr[5]/td[1]</arg>
<doc>Returns the text value of the element identified by ``locator``.</doc>
<msg timestamp="20240101 13:57:53.103" level="INFO">${data} = Master In Selenium</msg>
<status status="PASS" starttime="20240101 13:57:53.084" endtime="20240101 13:57:53.103"/>
</kw>
<kw name="Log To Console" library="BuiltIn">
<arg>${data}</arg>
<doc>Logs the given message to the console.</doc>
<status status="PASS" starttime="20240101 13:57:53.103" endtime="20240101 13:57:53.104"/>
</kw>
<kw name="Table Column Should Contain" library="Selenium2Library">
<arg>xpath://table[@name='BookTable']</arg>
<arg>2</arg>
<arg>Author</arg>
<doc>Verifies table column contains text ``expected``.</doc>
<status status="PASS" starttime="20240101 13:57:53.104" endtime="20240101 13:57:53.137"/>
</kw>
<kw name="Table Row Should Contain" library="Selenium2Library">
<arg>xpath://table[@name='BookTable']</arg>
<arg>4</arg>
<arg>Learn JS</arg>
<doc>Verifies that table row contains text ``expected``.</doc>
<status status="PASS" starttime="20240101 13:57:53.137" endtime="20240101 13:57:53.167"/>
</kw>
<kw name="Table Cell Should Contain" library="Selenium2Library">
<arg>xpath://table[@name='BookTable']</arg>
<arg>5</arg>
<arg>2</arg>
<arg>Mukesh</arg>
<arg>loglevel=INFO</arg>
<doc>Verifies table cell contains text ``expected``.</doc>
<msg timestamp="20240101 13:57:53.237" level="INFO">Table cell contains 'Mukesh'.</msg>
<status status="PASS" starttime="20240101 13:57:53.168" endtime="20240101 13:57:53.237"/>
</kw>
<kw name="Table Header Should Contain" library="Selenium2Library">
<arg>xpath://table[@name='BookTable']</arg>
<arg>BookName</arg>
<doc>Verifies table header contains text ``expected``.</doc>
<status status="PASS" starttime="20240101 13:57:53.237" endtime="20240101 13:57:53.265"/>
</kw>
<status status="PASS" starttime="20240101 13:57:47.003" endtime="20240101 13:57:53.265"/>
</test>
<status status="PASS" starttime="20240101 13:57:46.822" endtime="20240101 13:57:53.266"/>
</suite>
<statistics>
<total>
<stat pass="1" fail="0" skip="0">All Tests</stat>
</total>
<tag>
</tag>
<suite>
<stat pass="1" fail="0" skip="0" id="s1" name="TableDemo">TableDemo</stat>
</suite>
</statistics>
<errors>
</errors>
</robot>
